<?xml version="1.0" encoding="UTF-8"?>
<testng-results ignored="0" total="1" passed="1" failed="0" skipped="0">
  <reporter-output>
  </reporter-output>
  <suite started-at="2020-04-19T11:30:33 IST" name="testsuite" finished-at="2020-04-19T11:30:48 IST" duration-ms="14975">
    <groups>
    </groups>
    <test started-at="2020-04-19T11:30:33 IST" name="demo test" finished-at="2020-04-19T11:30:48 IST" duration-ms="14975">
      <class name="testngpracticeproject.testngbasic">
        <test-method signature="testc1()[pri:0, instance:testngpracticeproject.testngbasic@17c1bced]" started-at="2020-04-19T11:30:33 IST" name="testc1" finished-at="2020-04-19T11:30:48 IST" duration-ms="14900" status="PASS">
          <reporter-output>
          </reporter-output>
        </test-method> <!-- testc1 -->
      </class> <!-- testngpracticeproject.testngbasic -->
    </test> <!-- demo test -->
  </suite> <!-- testsuite -->
</testng-results>
